<?xml version="1.0" encoding="UTF-8"?>
<testsuite name="fancaffe.board.BoardApplicationTests" tests="1" skipped="0" failures="0" errors="0" timestamp="2024-10-28T02:47:21" hostname="DESKTOP-DU4FOQU" time="0.005">
  <properties/>
  <testcase name="contextLoads()" classname="fancaffe.board.BoardApplicationTests" time="0.005"/>
  <system-out><![CDATA[2024-10-28T11:47:21.529+09:00  INFO 6576 --- [board] [    Test worker] t.c.s.AnnotationConfigContextLoaderUtils : Could not detect default configuration classes for test class [fancaffe.board.BoardApplicationTests]: BoardApplicationTests does not declare any static, non-private, non-final, nested classes annotated with @Configuration.
2024-10-28T11:47:21.537+09:00  INFO 6576 --- [board] [    Test worker] .b.t.c.SpringBootTestContextBootstrapper : Found @SpringBootConfiguration fancaffe.board.BoardApplication for test class fancaffe.board.BoardApplicationTests
]]></system-out>
  <system-err><![CDATA[]]></system-err>
</testsuite>
