<?xml version="1.0" encoding="UTF-8"?>
<testsuite name="fancaffe.board.domain.member.repository.MemberRepositoryTest" tests="3" skipped="0" failures="2" errors="0" timestamp="2024-10-28T02:47:20" hostname="DESKTOP-DU4FOQU" time="0.776">
  <properties/>
  <testcase name="오류_회원가입시_아이디가_없음()" classname="fancaffe.board.domain.member.repository.MemberRepositoryTest" time="0.671">
    <failure message="org.opentest4j.AssertionFailedError: Expected java.lang.Exception to be thrown, but nothing was thrown." type="org.opentest4j.AssertionFailedError">org.opentest4j.AssertionFailedError: Expected java.lang.Exception to be thrown, but nothing was thrown.
	at app//org.junit.jupiter.api.AssertionFailureBuilder.build(AssertionFailureBuilder.java:152)
	at app//org.junit.jupiter.api.AssertThrows.assertThrows(AssertThrows.java:73)
	at app//org.junit.jupiter.api.AssertThrows.assertThrows(AssertThrows.java:35)
	at app//org.junit.jupiter.api.Assertions.assertThrows(Assertions.java:3115)
	at app//fancaffe.board.domain.member.repository.MemberRepositoryTest.오류_회원가입시_아이디가_없음(MemberRepositoryTest.java:49)
	at java.base@17.0.12/java.lang.reflect.Method.invoke(Method.java:569)
	at java.base@17.0.12/java.util.ArrayList.forEach(ArrayList.java:1511)
	at java.base@17.0.12/java.util.ArrayList.forEach(ArrayList.java:1511)
</failure>
  </testcase>
  <testcase name="오류_회원가입시_중복된_아이디가_있음()" classname="fancaffe.board.domain.member.repository.MemberRepositoryTest" time="0.014">
    <failure message="org.opentest4j.AssertionFailedError: Expected java.lang.Exception to be thrown, but nothing was thrown." type="org.opentest4j.AssertionFailedError">org.opentest4j.AssertionFailedError: Expected java.lang.Exception to be thrown, but nothing was thrown.
	at app//org.junit.jupiter.api.AssertionFailureBuilder.build(AssertionFailureBuilder.java:152)
	at app//org.junit.jupiter.api.AssertThrows.assertThrows(AssertThrows.java:73)
	at app//org.junit.jupiter.api.AssertThrows.assertThrows(AssertThrows.java:35)
	at app//org.junit.jupiter.api.Assertions.assertThrows(Assertions.java:3115)
	at app//fancaffe.board.domain.member.repository.MemberRepositoryTest.오류_회원가입시_중복된_아이디가_있음(MemberRepositoryTest.java:63)
	at java.base@17.0.12/java.lang.reflect.Method.invoke(Method.java:569)
	at java.base@17.0.12/java.util.ArrayList.forEach(ArrayList.java:1511)
	at java.base@17.0.12/java.util.ArrayList.forEach(ArrayList.java:1511)
</failure>
  </testcase>
  <testcase name="회원저장_성공()" classname="fancaffe.board.domain.member.repository.MemberRepositoryTest" time="0.088"/>
  <system-out><![CDATA[11:47:16.204 [Test worker] INFO org.springframework.test.context.support.AnnotationConfigContextLoaderUtils -- Could not detect default configuration classes for test class [fancaffe.board.domain.member.repository.MemberRepositoryTest]: MemberRepositoryTest does not declare any static, non-private, non-final, nested classes annotated with @Configuration.
11:47:16.344 [Test worker] INFO org.springframework.boot.test.context.SpringBootTestContextBootstrapper -- Found @SpringBootConfiguration fancaffe.board.BoardApplication for test class fancaffe.board.domain.member.repository.MemberRepositoryTest

  .   ____          _            __ _ _
 /\\ / ___'_ __ _ _(_)_ __  __ _ \ \ \ \
( ( )\___ | '_ | '_| | '_ \/ _` | \ \ \ \
 \\/  ___)| |_)| | | | | || (_| |  ) ) ) )
  '  |____| .__|_| |_|_| |_\__, | / / / /
 =========|_|==============|___/=/_/_/_/

 :: Spring Boot ::                (v3.3.5)

2024-10-28T11:47:16.731+09:00  INFO 6576 --- [board] [    Test worker] f.b.d.m.repository.MemberRepositoryTest  : Starting MemberRepositoryTest using Java 17.0.12 with PID 6576 (started by KOSTA in C:\Users\KOSTA\IdeaProjects\instructor_fancaffe\backend\board)
2024-10-28T11:47:16.731+09:00  INFO 6576 --- [board] [    Test worker] f.b.d.m.repository.MemberRepositoryTest  : No active profile set, falling back to 1 default profile: "default"
2024-10-28T11:47:17.424+09:00  INFO 6576 --- [board] [    Test worker] .s.d.r.c.RepositoryConfigurationDelegate : Bootstrapping Spring Data JPA repositories in DEFAULT mode.
2024-10-28T11:47:17.486+09:00  INFO 6576 --- [board] [    Test worker] .s.d.r.c.RepositoryConfigurationDelegate : Finished Spring Data repository scanning in 53 ms. Found 1 JPA repository interface.
2024-10-28T11:47:18.080+09:00  INFO 6576 --- [board] [    Test worker] o.hibernate.jpa.internal.util.LogHelper  : HHH000204: Processing PersistenceUnitInfo [name: default]
2024-10-28T11:47:18.158+09:00  INFO 6576 --- [board] [    Test worker] org.hibernate.Version                    : HHH000412: Hibernate ORM core version 6.5.3.Final
2024-10-28T11:47:18.189+09:00  INFO 6576 --- [board] [    Test worker] o.h.c.internal.RegionFactoryInitiator    : HHH000026: Second-level cache disabled
2024-10-28T11:47:18.533+09:00  INFO 6576 --- [board] [    Test worker] o.s.o.j.p.SpringPersistenceUnitInfo      : No LoadTimeWeaver setup: ignoring JPA class transformer
2024-10-28T11:47:18.564+09:00  INFO 6576 --- [board] [    Test worker] com.zaxxer.hikari.HikariDataSource       : HikariPool-1 - Starting...
2024-10-28T11:47:18.705+09:00  INFO 6576 --- [board] [    Test worker] com.zaxxer.hikari.pool.HikariPool        : HikariPool-1 - Added connection com.mysql.cj.jdbc.ConnectionImpl@d978ab9
2024-10-28T11:47:18.705+09:00  INFO 6576 --- [board] [    Test worker] com.zaxxer.hikari.HikariDataSource       : HikariPool-1 - Start completed.
2024-10-28T11:47:18.752+09:00  WARN 6576 --- [board] [    Test worker] org.hibernate.orm.deprecation            : HHH90000025: MySQL8Dialect does not need to be specified explicitly using 'hibernate.dialect' (remove the property setting and it will be selected by default)
2024-10-28T11:47:18.752+09:00  WARN 6576 --- [board] [    Test worker] org.hibernate.orm.deprecation            : HHH90000026: MySQL8Dialect has been deprecated; use org.hibernate.dialect.MySQLDialect instead
2024-10-28T11:47:19.607+09:00  INFO 6576 --- [board] [    Test worker] o.h.e.t.j.p.i.JtaPlatformInitiator       : HHH000489: No JTA platform available (set 'hibernate.transaction.jta.platform' to enable JTA platform integration)
2024-10-28T11:47:19.638+09:00  INFO 6576 --- [board] [    Test worker] j.LocalContainerEntityManagerFactoryBean : Initialized JPA EntityManagerFactory for persistence unit 'default'
2024-10-28T11:47:19.826+09:00  WARN 6576 --- [board] [    Test worker] JpaBaseConfiguration$JpaWebConfiguration : spring.jpa.open-in-view is enabled by default. Therefore, database queries may be performed during view rendering. Explicitly configure spring.jpa.open-in-view to disable this warning
2024-10-28T11:47:20.529+09:00  WARN 6576 --- [board] [    Test worker] .s.s.UserDetailsServiceAutoConfiguration : 

Using generated security password: a1f4aeea-25a6-4761-9e60-c1eef4b2bf94

This generated password is for development use only. Your security configuration must be updated before running your application in production.

2024-10-28T11:47:20.544+09:00  INFO 6576 --- [board] [    Test worker] r$InitializeUserDetailsManagerConfigurer : Global AuthenticationManager configured with UserDetailsService bean with name inMemoryUserDetailsManager
2024-10-28T11:47:20.732+09:00  INFO 6576 --- [board] [    Test worker] f.b.d.m.repository.MemberRepositoryTest  : Started MemberRepositoryTest in 4.212 seconds (process running for 5.467)
Hibernate: insert into member (created_date,last_modified_date,nickname,password,role,username) values (?,?,?,?,?,?)
Hibernate: insert into member (created_date,last_modified_date,nickname,password,role,username) values (?,?,?,?,?,?)
Hibernate: insert into member (created_date,last_modified_date,nickname,password,role,username) values (?,?,?,?,?,?)
Hibernate: insert into member (created_date,last_modified_date,nickname,password,role,username) values (?,?,?,?,?,?)
]]></system-out>
  <system-err><![CDATA[]]></system-err>
</testsuite>
